<?xml version="1.0" encoding="UTF-8"?>
<testng-results skipped="0" failed="0" ignored="0" total="2" passed="2">
  <reporter-output>
  </reporter-output>
  <suite name="Default suite" duration-ms="45" started-at="2017-11-19T02:37:25Z" finished-at="2017-11-19T02:37:25Z">
    <groups>
    </groups>
    <test name="Default test" duration-ms="45" started-at="2017-11-19T02:37:25Z" finished-at="2017-11-19T02:37:25Z">
      <class name="com.architecturedee.basesetup.TestSetup">
        <test-method status="PASS" signature="beforeSuite()[pri:0, instance:com.architecturedee.basesetup.TestSetup@8bd1b6a]" name="beforeSuite" is-config="true" duration-ms="19" started-at="2017-11-19T08:07:25Z" finished-at="2017-11-19T08:07:25Z">
          <reporter-output>
          </reporter-output>
        </test-method> <!-- beforeSuite -->
        <test-method status="PASS" signature="beforeTest()[pri:0, instance:com.architecturedee.basesetup.TestSetup@8bd1b6a]" name="beforeTest" is-config="true" duration-ms="0" started-at="2017-11-19T08:07:25Z" finished-at="2017-11-19T08:07:25Z">
          <reporter-output>
          </reporter-output>
        </test-method> <!-- beforeTest -->
        <test-method status="PASS" signature="beforeClass()[pri:0, instance:com.architecturedee.basesetup.TestSetup@8bd1b6a]" name="beforeClass" is-config="true" duration-ms="0" started-at="2017-11-19T08:07:25Z" finished-at="2017-11-19T08:07:25Z">
          <reporter-output>
          </reporter-output>
        </test-method> <!-- beforeClass -->
        <test-method status="PASS" signature="beforeMethod()[pri:0, instance:com.architecturedee.basesetup.TestSetup@8bd1b6a]" name="beforeMethod" is-config="true" duration-ms="1" started-at="2017-11-19T08:07:25Z" finished-at="2017-11-19T08:07:25Z">
          <reporter-output>
          </reporter-output>
        </test-method> <!-- beforeMethod -->
        <test-method status="PASS" signature="f(java.lang.Integer, java.lang.String)[pri:0, instance:com.architecturedee.basesetup.TestSetup@8bd1b6a]" name="f" duration-ms="5" started-at="2017-11-19T08:07:25Z" data-provider="dp" finished-at="2017-11-19T08:07:25Z">
          <params>
            <param index="0">
              <value>
                <![CDATA[1]]>
              </value>
            </param>
            <param index="1">
              <value>
                <![CDATA[a]]>
              </value>
            </param>
          </params>
          <reporter-output>
          </reporter-output>
        </test-method> <!-- f -->
        <test-method status="PASS" signature="afterMethod()[pri:0, instance:com.architecturedee.basesetup.TestSetup@8bd1b6a]" name="afterMethod" is-config="true" duration-ms="0" started-at="2017-11-19T08:07:25Z" finished-at="2017-11-19T08:07:25Z">
          <reporter-output>
          </reporter-output>
        </test-method> <!-- afterMethod -->
        <test-method status="PASS" signature="beforeMethod()[pri:0, instance:com.architecturedee.basesetup.TestSetup@8bd1b6a]" name="beforeMethod" is-config="true" duration-ms="0" started-at="2017-11-19T08:07:25Z" finished-at="2017-11-19T08:07:25Z">
          <reporter-output>
          </reporter-output>
        </test-method> <!-- beforeMethod -->
        <test-method status="PASS" signature="f(java.lang.Integer, java.lang.String)[pri:0, instance:com.architecturedee.basesetup.TestSetup@8bd1b6a]" name="f" duration-ms="2" started-at="2017-11-19T08:07:25Z" data-provider="dp" finished-at="2017-11-19T08:07:25Z">
          <params>
            <param index="0">
              <value>
                <![CDATA[2]]>
              </value>
            </param>
            <param index="1">
              <value>
                <![CDATA[b]]>
              </value>
            </param>
          </params>
          <reporter-output>
          </reporter-output>
        </test-method> <!-- f -->
        <test-method status="PASS" signature="afterMethod()[pri:0, instance:com.architecturedee.basesetup.TestSetup@8bd1b6a]" name="afterMethod" is-config="true" duration-ms="0" started-at="2017-11-19T08:07:25Z" finished-at="2017-11-19T08:07:25Z">
          <reporter-output>
          </reporter-output>
        </test-method> <!-- afterMethod -->
        <test-method status="PASS" signature="afterClass()[pri:0, instance:com.architecturedee.basesetup.TestSetup@8bd1b6a]" name="afterClass" is-config="true" duration-ms="0" started-at="2017-11-19T08:07:25Z" finished-at="2017-11-19T08:07:25Z">
          <reporter-output>
          </reporter-output>
        </test-method> <!-- afterClass -->
        <test-method status="PASS" signature="afterTest()[pri:0, instance:com.architecturedee.basesetup.TestSetup@8bd1b6a]" name="afterTest" is-config="true" duration-ms="1" started-at="2017-11-19T08:07:25Z" finished-at="2017-11-19T08:07:25Z">
          <reporter-output>
          </reporter-output>
        </test-method> <!-- afterTest -->
        <test-method status="PASS" signature="afterSuite()[pri:0, instance:com.architecturedee.basesetup.TestSetup@8bd1b6a]" name="afterSuite" is-config="true" duration-ms="0" started-at="2017-11-19T08:07:25Z" finished-at="2017-11-19T08:07:25Z">
          <reporter-output>
          </reporter-output>
        </test-method> <!-- afterSuite -->
      </class> <!-- com.architecturedee.basesetup.TestSetup -->
    </test> <!-- Default test -->
  </suite> <!-- Default suite -->
</testng-results>
